0 info it worked if it ends with ok
1 verbose cli [ 'C:\\Program Files\\nodejs\\node.exe',
1 verbose cli   'C:\\Program Files\\nodejs\\node_modules\\npm\\bin\\npm-cli.js',
1 verbose cli   'start' ]
2 info using npm@3.10.10
3 info using node@v6.10.2
4 verbose run-script [ 'prestart', 'start', 'poststart' ]
5 info lifecycle skoolapp@1.0.0~prestart: skoolapp@1.0.0
6 silly lifecycle skoolapp@1.0.0~prestart: no script for prestart, continuing
7 info lifecycle skoolapp@1.0.0~start: skoolapp@1.0.0
8 verbose lifecycle skoolapp@1.0.0~start: unsafe-perm in lifecycle true
9 verbose lifecycle skoolapp@1.0.0~start: PATH: C:\Program Files\nodejs\node_modules\npm\bin\node-gyp-bin;C:\Users\IBM_ADMIN\Work\SKoolApp\node_modules\.bin;C:\ProgramData\Oracle\Java\javapath;C:\windows\system32;C:\windows;C:\windows\System32\Wbem;C:\windows\System32\WindowsPowerShell\v1.0\;C:\Program Files\ThinkPad\Bluetooth Software\;C:\Program Files\ThinkPad\Bluetooth Software\syswow64;C:\Program Files (x86)\Common Files\Roxio Shared\DLLShared\;C:\Program Files (x86)\Common Files\Roxio Shared\13.0\DLLShared\;C:\Program Files (x86)\IBM\Mobility Client\;C:\Program Files\Intel\WiFi\bin\;C:\Program Files\Common Files\Intel\WirelessCommon\;C:\Program Files\Intel\WiFi\bin\;C:\Program Files\Common Files\Intel\WirelessCommon\;C:\adb;C:\windows\system32\config\systemprofile\.dnx\bin;C:\Program Files\Microsoft DNX\Dnvm\;C:\Program Files\Microsoft\Web Platform Installer\;C:\Program Files\Microsoft SQL Server\120\Tools\Binn\;C:\Program Files\Microsoft SQL Server\Client SDK\ODBC\110\Tools\Binn\;C:\Program Files (x86)\Microsoft SQL Server\120\Tools\Binn\;C:\Program Files\Microsoft SQL Server\120\DTS\Binn\;C:\Program Files (x86)\Microsoft SQL Server\120\Tools\Binn\ManagementStudio\;C:\Program Files (x86)\Microsoft SQL Server\120\DTS\Binn\;C:\Program Files (x86)\QuickTime\QTSystem\;C:\Program Files\CloudFoundry;C:\Program Files\IBM\Bluemix\bin;C:\Program Files\nodejs\;C:\Program Files\Git\cmd;C:\Program Files (x86)\Brackets\command; C:\Users\IBM_ADMIN\AppData\Roaming\npm;C:\Program Files (x86)\Skype\Phone\;C:\Users\IBM_ADMIN\.dnx\bin;C:\Program Files\Intel\WiFi\bin\;C:\Program Files\Common Files\Intel\WirelessCommon\;C:\Users\IBM_ADMIN\AppData\Roaming\npm
10 verbose lifecycle skoolapp@1.0.0~start: CWD: C:\Users\IBM_ADMIN\Work\SKoolApp
11 silly lifecycle skoolapp@1.0.0~start: Args: [ '/d /s /c',
11 silly lifecycle   'node ./node_modules/webpack-dev-server/bin/webpack-dev-server.js' ]
12 verbose stack Error: kill ENOSYS
12 verbose stack     at exports._errnoException (util.js:1018:11)
12 verbose stack     at process.kill (internal/process.js:190:13)
12 verbose stack     at process.listener (C:\Program Files\nodejs\node_modules\npm\node_modules\npmlog\node_modules\gauge\node_modules\signal-exit\index.js:86:15)
12 verbose stack     at emitNone (events.js:91:20)
12 verbose stack     at process.emit (events.js:185:7)
12 verbose stack     at processEmit (C:\Program Files\nodejs\node_modules\npm\node_modules\npmlog\node_modules\gauge\node_modules\signal-exit\index.js:146:32)
12 verbose stack     at processEmit (C:\Program Files\nodejs\node_modules\npm\node_modules\npm-registry-client\node_modules\npmlog\node_modules\gauge\node_modules\signal-exit\index.js:146:32)
12 verbose stack     at Signal.wrap.onsignal (internal/process.js:217:44)
13 verbose cwd C:\Users\IBM_ADMIN\Work\SKoolApp
14 error Windows_NT 6.1.7601
15 error argv "C:\\Program Files\\nodejs\\node.exe" "C:\\Program Files\\nodejs\\node_modules\\npm\\bin\\npm-cli.js" "start"
16 error node v6.10.2
17 error npm  v3.10.10
18 error code ENOSYS
19 error errno ENOSYS
20 error syscall kill
21 error kill ENOSYS
22 error If you need help, you may report this error at:
22 error     <https://github.com/npm/npm/issues>
23 verbose exit [ 1, true ]
